<?xml version="1.0" encoding="UTF-8"?>
<testng-results ignored="0" total="2" passed="2" failed="0" skipped="0">
  <reporter-output>
  </reporter-output>
  <suite started-at="2018-05-20T17:06:06Z" name="Automation Suite" finished-at="2018-05-20T17:06:22Z" duration-ms="15112">
    <groups>
    </groups>
    <test started-at="2018-05-20T17:06:06Z" name="Chrome Test" finished-at="2018-05-20T17:06:22Z" duration-ms="15112">
      <class name="Day13_05202018.ExpressTest">
        <test-method is-config="true" signature="defineBrowser(java.lang.String)[pri:0, instance:Day13_05202018.ExpressTest@7c729a55]" started-at="2018-05-20T17:06:03Z" name="defineBrowser" finished-at="2018-05-20T17:06:06Z" duration-ms="3341" status="PASS">
          <params>
            <param index="0">
              <value>
                <![CDATA[chrome]]>
              </value>
            </param>
          </params>
          <reporter-output>
          </reporter-output>
        </test-method> <!-- defineBrowser -->
        <test-method is-config="true" signature="methodName(java.lang.reflect.Method)[pri:0, instance:Day13_05202018.ExpressTest@7c729a55]" started-at="2018-05-20T17:06:06Z" name="methodName" finished-at="2018-05-20T17:06:06Z" duration-ms="4" status="PASS">
          <params>
            <param index="0">
              <value>
                <![CDATA[public void Day13_05202018.ExpressTest.expressCheckout() throws java.io.IOException,java.lang.InterruptedException]]>
              </value>
            </param>
          </params>
          <reporter-output>
          </reporter-output>
        </test-method> <!-- methodName -->
        <test-method signature="expressCheckout()[pri:0, instance:Day13_05202018.ExpressTest@7c729a55]" started-at="2018-05-20T17:06:06Z" name="expressCheckout" finished-at="2018-05-20T17:06:21Z" duration-ms="14763" status="PASS">
          <reporter-output>
          </reporter-output>
        </test-method> <!-- expressCheckout -->
        <test-method is-config="true" signature="endTest()[pri:0, instance:Day13_05202018.ExpressTest@7c729a55]" started-at="2018-05-20T17:06:21Z" name="endTest" finished-at="2018-05-20T17:06:21Z" duration-ms="3" status="PASS">
          <reporter-output>
          </reporter-output>
        </test-method> <!-- endTest -->
        <test-method is-config="true" signature="methodName(java.lang.reflect.Method)[pri:0, instance:Day13_05202018.ExpressTest@7c729a55]" started-at="2018-05-20T17:06:21Z" name="methodName" finished-at="2018-05-20T17:06:21Z" duration-ms="0" status="PASS">
          <params>
            <param index="0">
              <value>
                <![CDATA[public void Day13_05202018.ExpressTest.addQuantity() throws java.io.IOException]]>
              </value>
            </param>
          </params>
          <reporter-output>
          </reporter-output>
        </test-method> <!-- methodName -->
        <test-method signature="addQuantity()[pri:0, instance:Day13_05202018.ExpressTest@7c729a55]" started-at="2018-05-20T17:06:21Z" name="addQuantity" finished-at="2018-05-20T17:06:22Z" depends-on-methods="Day13_05202018.ExpressTest.expressCheckout" duration-ms="319" status="PASS">
          <reporter-output>
          </reporter-output>
        </test-method> <!-- addQuantity -->
        <test-method is-config="true" signature="endTest()[pri:0, instance:Day13_05202018.ExpressTest@7c729a55]" started-at="2018-05-20T17:06:22Z" name="endTest" finished-at="2018-05-20T17:06:22Z" duration-ms="1" status="PASS">
          <reporter-output>
          </reporter-output>
        </test-method> <!-- endTest -->
        <test-method is-config="true" signature="endSuite()[pri:0, instance:Day13_05202018.ExpressTest@7c729a55]" started-at="2018-05-20T17:06:22Z" name="endSuite" finished-at="2018-05-20T17:06:23Z" duration-ms="1599" status="PASS">
          <reporter-output>
          </reporter-output>
        </test-method> <!-- endSuite -->
      </class> <!-- Day13_05202018.ExpressTest -->
    </test> <!-- Chrome Test -->
  </suite> <!-- Automation Suite -->
</testng-results>
